Reading pref.tcl

# 10.4b

# do scripts/run_forward.do
# Model Technology ModelSim SE-64 vmap 10.4b Lib Mapping Utility 2015.05 May 26 2015
# vmap -modelsim_quiet work work 
# Modifying modelsim.ini
# Model Technology ModelSim SE-64 vlog 10.4b Compiler 2015.05 May 26 2015
# Start time: 14:58:45 on Sep 04,2025
# vlog -sv rtl/forward_unit.sv tb/tb_forward_unit.sv 
# -- Compiling module forward_unit
# -- Compiling module tb_forward_unit
# 
# Top level modules:
# 	tb_forward_unit
# End time: 14:58:50 on Sep 04,2025, Elapsed time: 0:00:05
# Errors: 0, Warnings: 0
# vsim -c tb_forward_unit 
# Start time: 14:58:50 on Sep 04,2025
# ** Note: (vsim-3812) Design is being optimized...
# //  ModelSim SE-64 10.4b May 26 2015 Linux 3.10.0-1160.119.1.el7.x86_64
# //
# //  Copyright 1991-2015 Mentor Graphics Corporation
# //  All Rights Reserved.
# //
# //  THIS WORK CONTAINS TRADE SECRET AND PROPRIETARY INFORMATION
# //  WHICH IS THE PROPERTY OF MENTOR GRAPHICS CORPORATION OR ITS
# //  LICENSORS AND IS SUBJECT TO LICENSE TERMS.
# //  THIS DOCUMENT CONTAINS TRADE SECRETS AND COMMERCIAL OR FINANCIAL
# //  INFORMATION THAT ARE PRIVILEGED, CONFIDENTIAL, AND EXEMPT FROM
# //  DISCLOSURE UNDER THE FREEDOM OF INFORMATION ACT, 5 U.S.C. SECTION 552.
# //  FURTHERMORE, THIS INFORMATION IS PROHIBITED FROM DISCLOSURE UNDER
# //  THE TRADE SECRETS ACT, 18 U.S.C. SECTION 1905.
# //
# Loading sv_std.std
# Loading work.tb_forward_unit(fast)
# ** Error (suppressible): (vsim-3561) No objects found matching '*'.
# [ OK ] none: forwardA=00 forwardB=00
# [ OK ] EX->RS1: forwardA=10 forwardB=00
# [ OK ] EX->RS2: forwardA=00 forwardB=10
# [ OK ] MEM->RS1: forwardA=01 forwardB=00
# [ OK ] EX wins RS1: forwardA=10 forwardB=00
# [ OK ] zero reg ignored: forwardA=00 forwardB=00
# ALL TESTS PASSED
# ** Note: $finish    : tb/tb_forward_unit.sv(60)
#    Time: 6 ns  Iteration: 0  Instance: /tb_forward_unit
# End time: 14:59:23 on Sep 04,2025, Elapsed time: 0:00:33
# Errors: 0, Warnings: 0
